09/11/09 04:14:51 PM
LogName=Security
SourceName=Security
EventCode=540
EventType=8
Type=Success Audit
ComputerName=PA-DC01
User=jack.purvis
Sid=S-1-5-21-4286658467-4243823776-1656315635-14063
SidType=1
Category=2
CategoryString=Logon/Logoff
RecordNumber=132968489
Message=Successful Network Logon:
	User Name:	jack.purvis
	Domain:		ACMETECH
	Logon ID:		(0x0,0x875BD576)
	Logon Type:	3
	Logon Process:	Kerberos
	Authentication Package:	Kerberos
	Workstation Name:	
	Logon GUID:	{7050d2ae-535a-cca1-9079-af086a988bf3}
	Caller User Name:	-
	Caller Domain:	-
	Caller Logon ID:	-
	Caller Process ID: -
	Transited Services: -
	Source Network Address:	172.24.134.86
	Source Port:	2568
09/11/09 04:14:50 PM
LogName=Security
SourceName=Security
EventCode=540
EventType=8
Type=Success Audit
ComputerName=SC-DC01
User=anthony.lang
Sid=S-1-5-21-4286658467-4243823776-1656315635-1486
SidType=1
Category=2
CategoryString=Logon/Logoff
RecordNumber=532022494
Message=Successful Network Logon:
	User Name:	anthony.lang
	Domain:		ACMETECH
	Logon ID:		(0x0,0xD0B4C098)
	Logon Type:	3
	Logon Process:	Kerberos
	Authentication Package:	Kerberos
	Workstation Name:	
	Logon GUID:	{bfa514ed-9fdb-8657-03f1-d674a904704a}
	Caller User Name:	-
	Caller Domain:	-
	Caller Logon ID:	-
	Caller Process ID: -
	Transited Services: -
	Source Network Address:	172.16.5.143
	Source Port:	2445
09/11/09 04:14:50 PM
LogName=Security
SourceName=Security
EventCode=540
EventType=8
Type=Success Audit
ComputerName=PA-DC03
User=derek.lyons
Sid=S-1-5-21-4286658467-4243823776-1656315635-16150
SidType=1
Category=2
CategoryString=Logon/Logoff
RecordNumber=54604605
Message=Successful Network Logon:
	User Name:	derek.lyons
	Domain:		ACMETECH
	Logon ID:		(0x0,0x6B002F16)
	Logon Type:	3
	Logon Process:	Kerberos
	Authentication Package:	Kerberos
	Workstation Name:	
	Logon GUID:	{8c8a7794-57a0-2c00-635b-a06514f504aa}
	Caller User Name:	-
	Caller Domain:	-
	Caller Logon ID:	-
	Caller Process ID: -
	Transited Services: -
	Source Network Address:	172.24.128.49
	Source Port:	55519
09/11/09 04:14:50 PM
LogName=Security
SourceName=Security
EventCode=540
EventType=8
Type=Success Audit
ComputerName=SC-DC02
User=john.kaye
Sid=S-1-5-21-4286658467-4243823776-1656315635-21761
SidType=1
Category=2
CategoryString=Logon/Logoff
RecordNumber=563596635
Message=Successful Network Logon:
	User Name:	john.kaye
	Domain:		ACMETECH
	Logon ID:		(0x0,0xA2968003)
	Logon Type:	3
	Logon Process:	Kerberos
	Authentication Package:	Kerberos
	Workstation Name:	
	Logon GUID:	{472aa836-8497-bbe5-ac42-eed041eee648}
	Caller User Name:	-
	Caller Domain:	-
	Caller Logon ID:	-
	Caller Process ID: -
	Transited Services: -
	Source Network Address:	192.168.18.144
	Source Port:	0
09/11/09 04:14:50 PM
LogName=Security
SourceName=Security
EventCode=540
EventType=8
Type=Success Audit
ComputerName=PA-DC02
User=ted.burnett
Sid=S-1-5-21-4286658467-4243823776-1656315635-16150
SidType=1
Category=2
CategoryString=Logon/Logoff
RecordNumber=59687647
Message=Successful Network Logon:
	User Name:	ted.burnett
	Domain:		ACMETECH
	Logon ID:		(0x0,0x6AEA5DD0)
	Logon Type:	3
	Logon Process:	Kerberos
	Authentication Package:	Kerberos
	Workstation Name:	
	Logon GUID:	{8c8a7794-57a0-2c00-635b-a06514f504aa}
	Caller User Name:	-
	Caller Domain:	-
	Caller Logon ID:	-
	Caller Process ID: -
	Transited Services: -
	Source Network Address:	172.24.128.49
	Source Port:	55520
09/11/09 04:14:49 PM
LogName=Security
SourceName=Security
EventCode=540
EventType=8
Type=Success Audit
ComputerName=PA-DC01
User=arthur.howell
Sid=S-1-5-21-4286658467-4243823776-1656315635-20541
SidType=1
Category=2
CategoryString=Logon/Logoff
RecordNumber=132968483
Message=Successful Network Logon:
	User Name:	arthur.howell
	Domain:		ACMETECH
	Logon ID:		(0x0,0x875BD22C)
	Logon Type:	3
	Logon Process:	Kerberos
	Authentication Package:	Kerberos
	Workstation Name:	
	Logon GUID:	{557a0eac-5742-d75b-190a-d831924f5cce}
	Caller User Name:	-
	Caller Domain:	-
	Caller Logon ID:	-
	Caller Process ID: -
	Transited Services: -
	Source Network Address:	172.24.132.93
	Source Port:	62088
09/11/09 04:14:49 PM
LogName=Security
SourceName=Security
EventCode=540
EventType=8
Type=Success Audit
ComputerName=PA-DC01
User=james.hong
Sid=S-1-5-21-4286658467-4243823776-1656315635-14169
SidType=1
Category=2
CategoryString=Logon/Logoff
RecordNumber=132968485
Message=Successful Network Logon:
	User Name:	james.hong
	Domain:		ACMETECH
	Logon ID:		(0x0,0x875BD262)
	Logon Type:	3
	Logon Process:	Kerberos
	Authentication Package:	Kerberos
	Workstation Name:	
	Logon GUID:	{4e605a7b-f443-2414-569a-a1e4fceb3e6e}
	Caller User Name:	-
	Caller Domain:	-
	Caller Logon ID:	-
	Caller Process ID: -
	Transited Services: -
	Source Network Address:	172.24.129.9
	Source Port:	52052
09/11/09 04:14:49 PM
LogName=Security
SourceName=Security
EventCode=540
EventType=8
Type=Success Audit
ComputerName=PA-DC01
User=frank.henson
Sid=S-1-5-21-4286658467-4243823776-1656315635-13994
SidType=1
Category=2
CategoryString=Logon/Logoff
RecordNumber=132968486
Message=Successful Network Logon:
	User Name:	frank.henson
	Domain:		ACMETECH
	Logon ID:		(0x0,0x875BD271)
	Logon Type:	3
	Logon Process:	Kerberos
	Authentication Package:	Kerberos
	Workstation Name:	
	Logon GUID:	{f66f8996-a693-5032-3584-f07b053694bc}
	Caller User Name:	-
	Caller Domain:	-
	Caller Logon ID:	-
	Caller Process ID: -
	Transited Services: -
	Source Network Address:	172.24.133.14
	Source Port:	0
09/11/09 04:14:49 PM
LogName=Security
SourceName=Security
EventCode=540
EventType=8
Type=Success Audit
ComputerName=PA-DC03
User=nelson.hall
Sid=S-1-5-21-4286658467-4243823776-1656315635-20060
SidType=1
Category=2
CategoryString=Logon/Logoff
RecordNumber=54604603
Message=Successful Network Logon:
	User Name:	nelson.hall
	Domain:		ACMETECH
	Logon ID:		(0x0,0x6B002ED4)
	Logon Type:	3
	Logon Process:	Kerberos
	Authentication Package:	Kerberos
	Workstation Name:	
	Logon GUID:	{1c9dec89-8233-dd57-effc-bdfdd7b95619}
	Caller User Name:	-
	Caller Domain:	-
	Caller Logon ID:	-
	Caller Process ID: -
	Transited Services: -
	Source Network Address:	172.24.157.32
	Source Port:	3244
09/11/09 04:14:48 PM
LogName=Security
SourceName=Security
EventCode=540
EventType=8
Type=Success Audit
ComputerName=ASH-DC02
User=scott.beach
Sid=S-1-5-7
SidType=5
Category=2
CategoryString=Logon/Logoff
RecordNumber=248683
Message=Successful Network Logon:
	User Name:	scott.beach
	Domain:		
	Logon ID:		(0x0,0x60F6163)
	Logon Type:	3
	Logon Process:	NtLmSsp 
	Authentication Package:	NTLM
	Workstation Name:	ASH-PRT01
	Logon GUID:	-
	Caller User Name:	-
	Caller Domain:	-
	Caller Logon ID:	-
	Caller Process ID: -
	Transited Services: -
	Source Network Address:	192.168.128.38
	Source Port:	0
09/11/09 04:14:48 PM
LogName=Security
SourceName=Security
EventCode=540
EventType=8
Type=Success Audit
ComputerName=SF-LDAP
User=don.henderson
Sid=S-1-5-21-4286658467-4243823776-1656315635-14220
SidType=1
Category=2
CategoryString=Logon/Logoff
RecordNumber=115323210
Message=Successful Network Logon:
	User Name:	don.henderson
	Domain:		ACMETECH
	Logon ID:		(0x0,0x5C910CF9)
	Logon Type:	3
	Logon Process:	Kerberos
	Authentication Package:	Kerberos
	Workstation Name:	
	Logon GUID:	{c185dccb-244f-53b1-c7de-4ba1c8e65e08}
	Caller User Name:	-
	Caller Domain:	-
	Caller Logon ID:	-
	Caller Process ID: -
	Transited Services: -
	Source Network Address:	172.24.136.124
	Source Port:	50350
09/11/09 04:14:48 PM
LogName=Security
SourceName=Security
EventCode=540
EventType=8
Type=Success Audit
ComputerName=PA-DC03
User=graham.ashley
Sid=S-1-5-21-4286658467-4243823776-1656315635-10582
SidType=1
Category=2
CategoryString=Logon/Logoff
RecordNumber=54604598
Message=Successful Network Logon:
	User Name:	graham.ashley
	Domain:		ACMETECH
	Logon ID:		(0x0,0x6B00174D)
	Logon Type:	3
	Logon Process:	Kerberos
	Authentication Package:	Kerberos
	Workstation Name:	
	Logon GUID:	{9828dbe8-8f8b-ab9c-d3e9-293302f78ba8}
	Caller User Name:	-
	Caller Domain:	-
	Caller Logon ID:	-
	Caller Process ID: -
	Transited Services: -
	Source Network Address:	172.24.136.106
	Source Port:	49199
09/11/09 04:14:48 PM
LogName=Security
SourceName=Security
EventCode=540
EventType=8
Type=Success Audit
ComputerName=SC-DC01
User=denis.lawson
Sid=S-1-5-21-4286658467-4243823776-1656315635-16223
SidType=1
Category=2
CategoryString=Logon/Logoff
RecordNumber=532022450
Message=Successful Network Logon:
	User Name:	denis.lawson
	Domain:		ACMETECH
	Logon ID:		(0x0,0xD0B4AB70)
	Logon Type:	3
	Logon Process:	Kerberos
	Authentication Package:	Kerberos
	Workstation Name:	
	Logon GUID:	{304e9dd5-bc2d-d7fc-1894-fe61fdadd399}
	Caller User Name:	-
	Caller Domain:	-
	Caller Logon ID:	-
	Caller Process ID: -
	Transited Services: -
	Source Network Address:	172.23.8.80
	Source Port:	2612
09/11/09 04:14:48 PM
LogName=Security
SourceName=Security
EventCode=540
EventType=8
Type=Success Audit
ComputerName=PA-DC02
User=anthony.daniels
Sid=S-1-5-21-4286658467-4243823776-1656315635-10582
SidType=1
Category=2
CategoryString=Logon/Logoff
RecordNumber=59687644
Message=Successful Network Logon:
	User Name:	anthony.daniels
	Domain:		ACMETECH
	Logon ID:		(0x0,0x6AEA5BA1)
	Logon Type:	3
	Logon Process:	Kerberos
	Authentication Package:	Kerberos
	Workstation Name:	
	Logon GUID:	{29d7e98e-f712-2aca-ce4e-46411b87e5ac}
	Caller User Name:	-
	Caller Domain:	-
	Caller Logon ID:	-
	Caller Process ID: -
	Transited Services: -
	Source Network Address:	172.24.136.106
	Source Port:	49200
09/11/09 04:13:54 PM
LogName=Security
SourceName=Security
EventCode=540
EventType=8
Type=Success Audit
ComputerName=SF-LDAP
User=kurt.russell
Sid=S-1-5-21-4286658467-4243823776-1656315635-16413
SidType=1
Category=2
CategoryString=Logon/Logoff
RecordNumber=115322955
Message=Successful Network Logon:
	User Name:	kurt.russell
	Domain:		ACMETECH
	Logon ID:		(0x0,0x5C904EC6)
	Logon Type:	3
	Logon Process:	Kerberos
	Authentication Package:	Kerberos
	Workstation Name:	
	Logon GUID:	{7e54c71b-d7dc-c585-8d33-f89264e1f85e}
	Caller User Name:	-
	Caller Domain:	-
	Caller Logon ID:	-
	Caller Process ID: -
	Transited Services: -
	Source Network Address:	172.24.130.64
	Source Port:	52451
09/11/09 04:13:54 PM
LogName=Security
SourceName=Security
EventCode=540
EventType=8
Type=Success Audit
ComputerName=PA-DC03
User=andy.serkis
Sid=S-1-5-21-4286658467-4243823776-1656315635-3478
SidType=1
Category=2
CategoryString=Logon/Logoff
RecordNumber=54604429
Message=Successful Network Logon:
	User Name:	andy.serkis
	Domain:		ACMETECH
	Logon ID:		(0x0,0x6AFF79AD)
	Logon Type:	3
	Logon Process:	Kerberos
	Authentication Package:	Kerberos
	Workstation Name:	
	Logon GUID:	{97c10b66-de5c-e780-bc22-1b6e1158a6da}
	Caller User Name:	-
	Caller Domain:	-
	Caller Logon ID:	-
	Caller Process ID: -
	Transited Services: -
	Source Network Address:	172.24.140.55
	Source Port:	49602
09/11/09 04:13:54 PM
LogName=Security
SourceName=Security
EventCode=540
EventType=8
Type=Success Audit
ComputerName=SF-DC02
User=christopher.lee
Sid=S-1-5-21-4286658467-4243823776-1656315635-16413
SidType=1
Category=2
CategoryString=Logon/Logoff
RecordNumber=844372587
Message=Successful Network Logon:
	User Name:	christopher.lee
	Domain:		ACMETECH
	Logon ID:		(0x0,0x92EA3CEC)
	Logon Type:	3
	Logon Process:	Kerberos
	Authentication Package:	Kerberos
	Workstation Name:	
	Logon GUID:	{8ff21b23-3d74-cd81-ed55-094a5fa7f383}
	Caller User Name:	-
	Caller Domain:	-
	Caller Logon ID:	-
	Caller Process ID: -
	Transited Services: -
	Source Network Address:	172.24.130.65
	Source Port:	52452